# Logfile created on 2016-07-12 22:20:45 +0200 by logger.rb/54362
E, [2016-07-12T22:20:47.326238 #7546] ERROR -- : /home/key/fun/sdc/streams/autorit하t.txt:           text/plain; charset=iso-8859-1
invalid byte sequence in UTF-8
E, [2016-07-12T22:20:47.590206 #7546] ERROR -- : /home/key/fun/sdc/streams/l혀sung.txt:              text/plain; charset=iso-8859-1
invalid byte sequence in UTF-8
E, [2016-07-12T22:20:47.663495 #7546] ERROR -- : /home/key/fun/sdc/streams/weltliche g혀tter.txt:    text/plain; charset=iso-8859-1
invalid byte sequence in UTF-8
E, [2016-07-12T22:20:47.664630 #7546] ERROR -- : /home/key/fun/sdc/streams/your_persona.txt:         text/plain; charset=iso-8859-1
invalid byte sequence in UTF-8
E, [2016-07-12T22:26:15.546505 #8161] ERROR -- : /home/key/fun/sdc/streams/autorit하t.txt:           text/plain; charset=iso-8859-1
invalid byte sequence in UTF-8
E, [2016-07-12T22:26:15.798409 #8161] ERROR -- : /home/key/fun/sdc/streams/l혀sung.txt:              text/plain; charset=iso-8859-1
invalid byte sequence in UTF-8
E, [2016-07-12T22:26:15.871312 #8161] ERROR -- : /home/key/fun/sdc/streams/weltliche g혀tter.txt:    text/plain; charset=iso-8859-1
invalid byte sequence in UTF-8
E, [2016-07-12T22:26:15.872457 #8161] ERROR -- : /home/key/fun/sdc/streams/your_persona.txt:         text/plain; charset=iso-8859-1
invalid byte sequence in UTF-8
E, [2016-07-13T13:55:41.965493 #4018] ERROR -- : /home/key/fun/backup:      text/x-shellscript; charset=us-ascii
wrong number of arguments (given 0, expected 1)
E, [2016-07-13T13:55:41.968544 #4018] ERROR -- : /home/key/fun/backup.full: text/x-shellscript; charset=us-ascii
wrong number of arguments (given 0, expected 1)
E, [2016-07-13T13:55:41.970787 #4018] ERROR -- : /home/key/fun/btween:      inode/directory; charset=binary
wrong number of arguments (given 0, expected 1)
E, [2016-07-13T13:55:41.975386 #4018] ERROR -- : /home/key/fun/cafe:        inode/directory; charset=binary
wrong number of arguments (given 0, expected 1)
E, [2016-07-13T13:55:41.977667 #4018] ERROR -- : /home/key/fun/index:       inode/directory; charset=binary
wrong number of arguments (given 0, expected 1)
E, [2016-07-13T13:55:41.979845 #4018] ERROR -- : /home/key/fun/portfolio:   inode/directory; charset=binary
wrong number of arguments (given 0, expected 1)
E, [2016-07-13T13:55:41.981092 #4018] ERROR -- : /home/key/fun/redy:        inode/directory; charset=binary
wrong number of arguments (given 0, expected 1)
E, [2016-07-13T13:55:41.983305 #4018] ERROR -- : /home/key/fun/sanity:      text/plain; charset=us-ascii
wrong number of arguments (given 0, expected 1)
E, [2016-07-13T13:55:41.985519 #4018] ERROR -- : /home/key/fun/sanity~:     text/plain; charset=us-ascii
wrong number of arguments (given 0, expected 1)
E, [2016-07-13T13:55:41.987659 #4018] ERROR -- : /home/key/fun/sdc:         inode/directory; charset=binary
wrong number of arguments (given 0, expected 1)
E, [2016-07-13T13:55:41.988818 #4018] ERROR -- : /home/key/fun/sia:         inode/directory; charset=binary
wrong number of arguments (given 0, expected 1)
E, [2016-07-13T13:55:41.989919 #4018] ERROR -- : /home/key/fun/src:         inode/directory; charset=binary
wrong number of arguments (given 0, expected 1)
E, [2016-07-13T13:55:41.990969 #4018] ERROR -- : /home/key/fun/tagger:      inode/directory; charset=binary
wrong number of arguments (given 0, expected 1)
E, [2016-07-13T14:04:05.969060 #4351] ERROR -- : /home/key/fun/backup:      text/x-shellscript; charset=us-ascii
wrong number of arguments (given 0, expected 1)
E, [2016-07-13T14:04:05.971331 #4351] ERROR -- : /home/key/fun/backup.full: text/x-shellscript; charset=us-ascii
wrong number of arguments (given 0, expected 1)
E, [2016-07-13T14:04:05.973555 #4351] ERROR -- : /home/key/fun/btween:      inode/directory; charset=binary
wrong number of arguments (given 0, expected 1)
E, [2016-07-13T14:04:05.978150 #4351] ERROR -- : /home/key/fun/cafe:        inode/directory; charset=binary
wrong number of arguments (given 0, expected 1)
E, [2016-07-13T14:04:05.980376 #4351] ERROR -- : /home/key/fun/index:       inode/directory; charset=binary
wrong number of arguments (given 0, expected 1)
E, [2016-07-13T14:04:05.982660 #4351] ERROR -- : /home/key/fun/portfolio:   inode/directory; charset=binary
wrong number of arguments (given 0, expected 1)
E, [2016-07-13T14:04:05.983860 #4351] ERROR -- : /home/key/fun/redy:        inode/directory; charset=binary
wrong number of arguments (given 0, expected 1)
E, [2016-07-13T14:04:05.986174 #4351] ERROR -- : /home/key/fun/sanity:      text/plain; charset=us-ascii
wrong number of arguments (given 0, expected 1)
E, [2016-07-13T14:04:05.988395 #4351] ERROR -- : /home/key/fun/sanity~:     text/plain; charset=us-ascii
wrong number of arguments (given 0, expected 1)
E, [2016-07-13T14:04:05.990603 #4351] ERROR -- : /home/key/fun/sdc:         inode/directory; charset=binary
wrong number of arguments (given 0, expected 1)
E, [2016-07-13T14:04:05.991738 #4351] ERROR -- : /home/key/fun/sia:         inode/directory; charset=binary
wrong number of arguments (given 0, expected 1)
E, [2016-07-13T14:04:05.992828 #4351] ERROR -- : /home/key/fun/src:         inode/directory; charset=binary
wrong number of arguments (given 0, expected 1)
E, [2016-07-13T14:04:05.993935 #4351] ERROR -- : /home/key/fun/tagger:      inode/directory; charset=binary
wrong number of arguments (given 0, expected 1)
E, [2016-07-13T14:12:22.715622 #4705] ERROR -- : /home/key/fun/backup:      text/x-shellscript; charset=us-ascii
wrong number of arguments (given 0, expected 1)
E, [2016-07-13T14:12:22.717966 #4705] ERROR -- : /home/key/fun/backup.full: text/x-shellscript; charset=us-ascii
wrong number of arguments (given 0, expected 1)
E, [2016-07-13T14:12:22.720121 #4705] ERROR -- : /home/key/fun/btween:      inode/directory; charset=binary
wrong number of arguments (given 0, expected 1)
E, [2016-07-13T14:12:22.724814 #4705] ERROR -- : /home/key/fun/cafe:        inode/directory; charset=binary
wrong number of arguments (given 0, expected 1)
E, [2016-07-13T14:12:22.727068 #4705] ERROR -- : /home/key/fun/index:       inode/directory; charset=binary
wrong number of arguments (given 0, expected 1)
E, [2016-07-13T14:12:22.729337 #4705] ERROR -- : /home/key/fun/portfolio:   inode/directory; charset=binary
wrong number of arguments (given 0, expected 1)
E, [2016-07-13T14:12:22.730530 #4705] ERROR -- : /home/key/fun/redy:        inode/directory; charset=binary
wrong number of arguments (given 0, expected 1)
E, [2016-07-13T14:12:22.732761 #4705] ERROR -- : /home/key/fun/sanity:      text/plain; charset=us-ascii
wrong number of arguments (given 0, expected 1)
E, [2016-07-13T14:12:22.734960 #4705] ERROR -- : /home/key/fun/sanity~:     text/plain; charset=us-ascii
wrong number of arguments (given 0, expected 1)
E, [2016-07-13T14:12:22.737154 #4705] ERROR -- : /home/key/fun/sdc:         inode/directory; charset=binary
wrong number of arguments (given 0, expected 1)
E, [2016-07-13T14:12:22.738297 #4705] ERROR -- : /home/key/fun/sia:         inode/directory; charset=binary
wrong number of arguments (given 0, expected 1)
E, [2016-07-13T14:12:22.739363 #4705] ERROR -- : /home/key/fun/src:         inode/directory; charset=binary
wrong number of arguments (given 0, expected 1)
E, [2016-07-13T14:12:22.740429 #4705] ERROR -- : /home/key/fun/tagger:      inode/directory; charset=binary
wrong number of arguments (given 0, expected 1)
E, [2016-07-13T14:13:09.412094 #4737] ERROR -- : /home/key/fun/backup:      text/x-shellscript; charset=us-ascii
wrong number of arguments (given 0, expected 1)
E, [2016-07-13T14:13:09.413381 #4737] ERROR -- : /home/key/fun/backup.full: text/x-shellscript; charset=us-ascii
wrong number of arguments (given 0, expected 1)
E, [2016-07-13T14:13:09.414476 #4737] ERROR -- : /home/key/fun/btween:      inode/directory; charset=binary
wrong number of arguments (given 0, expected 1)
E, [2016-07-13T14:13:09.415535 #4737] ERROR -- : /home/key/fun/cafe:        inode/directory; charset=binary
wrong number of arguments (given 0, expected 1)
E, [2016-07-13T14:13:09.416586 #4737] ERROR -- : /home/key/fun/index:       inode/directory; charset=binary
wrong number of arguments (given 0, expected 1)
E, [2016-07-13T14:13:09.417789 #4737] ERROR -- : /home/key/fun/portfolio:   inode/directory; charset=binary
wrong number of arguments (given 0, expected 1)
E, [2016-07-13T14:13:09.418892 #4737] ERROR -- : /home/key/fun/redy:        inode/directory; charset=binary
wrong number of arguments (given 0, expected 1)
E, [2016-07-13T14:13:09.419955 #4737] ERROR -- : /home/key/fun/sanity:      text/plain; charset=us-ascii
wrong number of arguments (given 0, expected 1)
E, [2016-07-13T14:13:09.421044 #4737] ERROR -- : /home/key/fun/sanity~:     text/plain; charset=us-ascii
wrong number of arguments (given 0, expected 1)
E, [2016-07-13T14:13:09.422132 #4737] ERROR -- : /home/key/fun/sdc:         inode/directory; charset=binary
wrong number of arguments (given 0, expected 1)
E, [2016-07-13T14:13:09.423189 #4737] ERROR -- : /home/key/fun/sia:         inode/directory; charset=binary
wrong number of arguments (given 0, expected 1)
E, [2016-07-13T14:13:09.424224 #4737] ERROR -- : /home/key/fun/src:         inode/directory; charset=binary
wrong number of arguments (given 0, expected 1)
E, [2016-07-13T14:13:09.425315 #4737] ERROR -- : /home/key/fun/tagger:      inode/directory; charset=binary
wrong number of arguments (given 0, expected 1)
E, [2016-07-13T14:14:05.847727 #4800] ERROR -- : /home/key/fun/backup:      text/x-shellscript; charset=us-ascii
wrong number of arguments (given 0, expected 1)
E, [2016-07-13T14:14:05.849077 #4800] ERROR -- : /home/key/fun/backup.full: text/x-shellscript; charset=us-ascii
wrong number of arguments (given 0, expected 1)
E, [2016-07-13T14:14:05.850327 #4800] ERROR -- : /home/key/fun/btween:      inode/directory; charset=binary
wrong number of arguments (given 0, expected 1)
E, [2016-07-13T14:14:05.851534 #4800] ERROR -- : /home/key/fun/cafe:        inode/directory; charset=binary
wrong number of arguments (given 0, expected 1)
E, [2016-07-13T14:14:05.852787 #4800] ERROR -- : /home/key/fun/index:       inode/directory; charset=binary
wrong number of arguments (given 0, expected 1)
E, [2016-07-13T14:14:05.854088 #4800] ERROR -- : /home/key/fun/portfolio:   inode/directory; charset=binary
wrong number of arguments (given 0, expected 1)
E, [2016-07-13T14:14:05.855314 #4800] ERROR -- : /home/key/fun/redy:        inode/directory; charset=binary
wrong number of arguments (given 0, expected 1)
E, [2016-07-13T14:14:05.856524 #4800] ERROR -- : /home/key/fun/sanity:      text/plain; charset=us-ascii
wrong number of arguments (given 0, expected 1)
E, [2016-07-13T14:14:05.857772 #4800] ERROR -- : /home/key/fun/sanity~:     text/plain; charset=us-ascii
wrong number of arguments (given 0, expected 1)
E, [2016-07-13T14:14:05.858962 #4800] ERROR -- : /home/key/fun/sdc:         inode/directory; charset=binary
wrong number of arguments (given 0, expected 1)
E, [2016-07-13T14:14:05.860160 #4800] ERROR -- : /home/key/fun/sia:         inode/directory; charset=binary
wrong number of arguments (given 0, expected 1)
E, [2016-07-13T14:14:05.861422 #4800] ERROR -- : /home/key/fun/src:         inode/directory; charset=binary
wrong number of arguments (given 0, expected 1)
E, [2016-07-13T14:14:05.862638 #4800] ERROR -- : /home/key/fun/tagger:      inode/directory; charset=binary
wrong number of arguments (given 0, expected 1)
E, [2016-07-13T14:14:29.727623 #4817] ERROR -- : /home/key/fun/sdc/streams/autorit하t.txt:           text/plain; charset=iso-8859-1
invalid byte sequence in UTF-8
E, [2016-07-13T14:14:29.949668 #4817] ERROR -- : /home/key/fun/sdc/streams/l혀sung.txt:              text/plain; charset=iso-8859-1
invalid byte sequence in UTF-8
E, [2016-07-13T14:14:30.029188 #4817] ERROR -- : /home/key/fun/sdc/streams/weltliche g혀tter.txt:    text/plain; charset=iso-8859-1
invalid byte sequence in UTF-8
E, [2016-07-13T14:14:30.030404 #4817] ERROR -- : /home/key/fun/sdc/streams/your_persona.txt:         text/plain; charset=iso-8859-1
invalid byte sequence in UTF-8
